<?xml version="1.0" encoding="UTF-8"?>
<!-- Generated by org.testng.reporters.JUnitReportReporter -->
<testsuite hostname="LAPTOP-D9B72J2S" failures="0" tests="3" name="Screenshots.Capturescreenshots" time="9.087" errors="0" timestamp="2022-12-26T10:11:32 IST" skipped="0">
  <testcase classname="Screenshots.Capturescreenshots" name="captureAsFile" time="3.650"/>
  <system-out/>
  <testcase classname="Screenshots.Capturescreenshots" name="captureAsBytes" time="2.621"/>
  <system-out/>
  <testcase classname="Screenshots.Capturescreenshots" name="captureAsBase64" time="2.816"/>
  <system-out/>
</testsuite> <!-- Screenshots.Capturescreenshots -->
